[debug] [2019-02-07T01:11:17.068Z] ----------------------------------------------------------------------
[debug] [2019-02-07T01:11:17.070Z] Command:       /usr/local/bin/node /usr/local/bin/firebase init
[debug] [2019-02-07T01:11:17.070Z] CLI Version:   6.3.0
[debug] [2019-02-07T01:11:17.070Z] Platform:      darwin
[debug] [2019-02-07T01:11:17.070Z] Node Version:  v10.15.0
[debug] [2019-02-07T01:11:17.071Z] Time:          Wed Feb 06 2019 20:11:17 GMT-0500 (Eastern Standard Time)
[debug] [2019-02-07T01:11:17.071Z] ----------------------------------------------------------------------
[debug] 
[debug] [2019-02-07T01:11:17.080Z] > command requires scopes: ["email","openid","https://www.googleapis.com/auth/cloudplatformprojects.readonly","https://www.googleapis.com/auth/firebase","https://www.googleapis.com/auth/cloud-platform"]
[debug] [2019-02-07T01:11:17.080Z] > authorizing via signed-in user
[info] 
     ######## #### ########  ######## ########     ###     ######  ########
     ##        ##  ##     ## ##       ##     ##  ##   ##  ##       ##
     ######    ##  ########  ######   ########  #########  ######  ######
     ##        ##  ##    ##  ##       ##     ## ##     ##       ## ##
     ##       #### ##     ## ######## ########  ##     ##  ######  ########

You're about to initialize a Firebase project in this directory:

  /Users/kellydavis/Desktop/face-practice

[debug] [2019-02-07T01:11:23.679Z] TypeError: Cannot read property 'setRawMode' of null
    at ReadStream.setRawMode (tty.js:66:28)
    at Interface._setRawMode (readline.js:251:16)
    at Interface.close (readline.js:376:10)
    at ReadStream.ontermend (readline.js:164:10)
    at ReadStream.emit (events.js:187:15)
    at ReadStream.EventEmitter.emit (domain.js:441:20)
    at endReadableNT (_stream_readable.js:1094:12)
    at process._tickCallback (internal/process/next_tick.js:63:19)
